[INFO ] 2025-05-24 00:00:12.125 [main][25] DriverFactory - Chrome browser launched.
[INFO ] 2025-05-24 00:00:12.243 [main][38] DriverFactory - Browser maximised.
[INFO ] 2025-05-24 00:00:14.555 [main][23] Hooks - Navigating to url: 'http://localhost/opencart/'
[INFO ] 2025-05-24 00:00:15.669 [main][25] HomePage - Clicked on the My Account link.
[INFO ] 2025-05-24 00:00:17.914 [main][36] HomePage - Clicked on the Login link.
[INFO ] 2025-05-24 00:00:18.167 [main][63] LoginPage - Login page is displayed.
[INFO ] 2025-05-24 00:00:18.521 [main][24] LoginPage - 'jackdoe@email.com' entered in the email address text box.
[INFO ] 2025-05-24 00:00:18.765 [main][34] LoginPage - 'jackdoe@123' entered in the password text box.
[INFO ] 2025-05-24 00:00:19.118 [main][44] LoginPage - Clicked on the login button.
[INFO ] 2025-05-24 00:00:20.715 [main][21] MyAccountPage - My account page is displayed.
[INFO ] 2025-05-24 00:00:20.721 [main][33] Hooks - Quitting the browser.
[INFO ] 2025-05-24 00:00:25.122 [main][25] DriverFactory - Chrome browser launched.
[INFO ] 2025-05-24 00:00:25.220 [main][38] DriverFactory - Browser maximised.
[INFO ] 2025-05-24 00:00:26.797 [main][23] Hooks - Navigating to url: 'http://localhost/opencart/'
[INFO ] 2025-05-24 00:00:27.175 [main][25] HomePage - Clicked on the My Account link.
[INFO ] 2025-05-24 00:00:28.433 [main][36] HomePage - Clicked on the Login link.
[INFO ] 2025-05-24 00:00:28.549 [main][63] LoginPage - Login page is displayed.
[INFO ] 2025-05-24 00:00:28.908 [main][24] LoginPage - 'janedoe@email.com' entered in the email address text box.
[INFO ] 2025-05-24 00:00:29.173 [main][34] LoginPage - 'janedoe@123' entered in the password text box.
[INFO ] 2025-05-24 00:00:29.445 [main][44] LoginPage - Clicked on the login button.
[INFO ] 2025-05-24 00:00:30.699 [main][21] MyAccountPage - My account page is displayed.
[INFO ] 2025-05-24 00:00:30.701 [main][33] Hooks - Quitting the browser.
[INFO ] 2025-05-24 00:00:34.689 [main][25] DriverFactory - Chrome browser launched.
[INFO ] 2025-05-24 00:00:34.799 [main][38] DriverFactory - Browser maximised.
[INFO ] 2025-05-24 00:00:36.559 [main][23] Hooks - Navigating to url: 'http://localhost/opencart/'
[INFO ] 2025-05-24 00:00:37.013 [main][25] HomePage - Clicked on the My Account link.
[INFO ] 2025-05-24 00:00:38.378 [main][36] HomePage - Clicked on the Login link.
[INFO ] 2025-05-24 00:00:38.490 [main][63] LoginPage - Login page is displayed.
[INFO ] 2025-05-24 00:00:38.870 [main][24] LoginPage - 'jennydoe@email.com' entered in the email address text box.
[INFO ] 2025-05-24 00:00:39.171 [main][34] LoginPage - 'jennydoe@123' entered in the password text box.
[INFO ] 2025-05-24 00:00:39.441 [main][44] LoginPage - Clicked on the login button.
[INFO ] 2025-05-24 00:00:40.717 [main][21] MyAccountPage - My account page is displayed.
[INFO ] 2025-05-24 00:00:40.719 [main][33] Hooks - Quitting the browser.
[INFO ] 2025-05-24 00:00:45.278 [main][25] DriverFactory - Chrome browser launched.
[INFO ] 2025-05-24 00:00:45.381 [main][38] DriverFactory - Browser maximised.
[INFO ] 2025-05-24 00:00:46.851 [main][23] Hooks - Navigating to url: 'http://localhost/opencart/'
[INFO ] 2025-05-24 00:00:47.245 [main][25] HomePage - Clicked on the My Account link.
[INFO ] 2025-05-24 00:00:48.345 [main][36] HomePage - Clicked on the Login link.
[INFO ] 2025-05-24 00:00:48.460 [main][63] LoginPage - Login page is displayed.
[INFO ] 2025-05-24 00:00:48.845 [main][24] LoginPage - 'johndoex@email.com' entered in the email address text box.
[INFO ] 2025-05-24 00:00:49.096 [main][34] LoginPage - '123456x' entered in the password text box.
[INFO ] 2025-05-24 00:00:49.380 [main][44] LoginPage - Clicked on the login button.
[INFO ] 2025-05-24 00:00:49.638 [main][51] LoginPage - Alert message was displayed.
[INFO ] 2025-05-24 00:00:49.698 [main][52] LoginPage - Alert message is 'Warning: No match for E-Mail Address and/or Password.'
[INFO ] 2025-05-24 00:00:49.700 [main][33] Hooks - Quitting the browser.
[INFO ] 2025-05-24 00:00:53.701 [main][25] DriverFactory - Chrome browser launched.
[INFO ] 2025-05-24 00:00:53.782 [main][38] DriverFactory - Browser maximised.
[INFO ] 2025-05-24 00:00:55.300 [main][23] Hooks - Navigating to url: 'http://localhost/opencart/'
[INFO ] 2025-05-24 00:00:55.767 [main][25] HomePage - Clicked on the My Account link.
[INFO ] 2025-05-24 00:00:57.024 [main][36] HomePage - Clicked on the Login link.
[INFO ] 2025-05-24 00:00:57.162 [main][63] LoginPage - Login page is displayed.
[INFO ] 2025-05-24 00:00:57.522 [main][24] LoginPage - '"johndoe@email.com"' entered in the email address text box.
[INFO ] 2025-05-24 00:00:57.782 [main][34] LoginPage - '123456x' entered in the password text box.
[INFO ] 2025-05-24 00:00:58.038 [main][44] LoginPage - Clicked on the login button.
[INFO ] 2025-05-24 00:01:03.899 [main][33] Hooks - Quitting the browser.
[INFO ] 2025-05-24 00:01:09.504 [main][25] DriverFactory - Chrome browser launched.
[INFO ] 2025-05-24 00:01:09.603 [main][38] DriverFactory - Browser maximised.
[INFO ] 2025-05-24 00:01:11.219 [main][23] Hooks - Navigating to url: 'http://localhost/opencart/'
[INFO ] 2025-05-24 00:01:11.618 [main][25] HomePage - Clicked on the My Account link.
[INFO ] 2025-05-24 00:01:12.762 [main][36] HomePage - Clicked on the Login link.
[INFO ] 2025-05-24 00:01:12.877 [main][63] LoginPage - Login page is displayed.
[INFO ] 2025-05-24 00:01:13.257 [main][24] LoginPage - 'johndoex@email.com' entered in the email address text box.
[INFO ] 2025-05-24 00:01:13.519 [main][34] LoginPage - '"johndoe@123"' entered in the password text box.
[INFO ] 2025-05-24 00:01:13.787 [main][44] LoginPage - Clicked on the login button.
[INFO ] 2025-05-24 00:01:14.021 [main][51] LoginPage - Alert message was displayed.
[INFO ] 2025-05-24 00:01:14.076 [main][52] LoginPage - Alert message is 'Warning: Your account has exceeded allowed number of login attempts. Please try again in 1 hour.'
[INFO ] 2025-05-24 00:01:14.078 [main][33] Hooks - Quitting the browser.
[INFO ] 2025-05-24 00:01:18.250 [main][25] DriverFactory - Chrome browser launched.
[INFO ] 2025-05-24 00:01:18.347 [main][38] DriverFactory - Browser maximised.
[INFO ] 2025-05-24 00:01:19.210 [main][23] Hooks - Navigating to url: 'http://localhost/opencart/'
[INFO ] 2025-05-24 00:01:20.482 [main][25] HomePage - Clicked on the My Account link.
[INFO ] 2025-05-24 00:01:21.625 [main][36] HomePage - Clicked on the Login link.
[INFO ] 2025-05-24 00:01:21.747 [main][63] LoginPage - Login page is displayed.
[INFO ] 2025-05-24 00:01:21.945 [main][29] LoginPage - No text entered in the email address text box.
[INFO ] 2025-05-24 00:01:22.076 [main][39] LoginPage - No text entered in the password text box.
[INFO ] 2025-05-24 00:01:22.358 [main][44] LoginPage - Clicked on the login button.
[INFO ] 2025-05-24 00:01:22.604 [main][51] LoginPage - Alert message was displayed.
[INFO ] 2025-05-24 00:01:22.664 [main][52] LoginPage - Alert message is 'Warning: No match for E-Mail Address and/or Password.'
[INFO ] 2025-05-24 00:01:22.666 [main][33] Hooks - Quitting the browser.
[INFO ] 2025-05-24 00:01:26.587 [main][25] DriverFactory - Chrome browser launched.
[INFO ] 2025-05-24 00:01:26.711 [main][38] DriverFactory - Browser maximised.
[INFO ] 2025-05-24 00:01:28.258 [main][23] Hooks - Navigating to url: 'http://localhost/opencart/'
[INFO ] 2025-05-24 00:01:28.669 [main][25] HomePage - Clicked on the My Account link.
[INFO ] 2025-05-24 00:01:30.018 [main][30] HomePage - Clicked on the Register link.
[INFO ] 2025-05-24 00:01:30.155 [main][33] RegisterPage - Register Page displayed.
[INFO ] 2025-05-24 00:01:30.476 [main][43] RegisterPage - 'John' entered in the first name text box.
[INFO ] 2025-05-24 00:01:30.721 [main][53] RegisterPage - 'Doe' entered in the last name text box.
[INFO ] 2025-05-24 00:01:30.978 [main][63] RegisterPage - 'johndoe02@email.com' entered in the email text box.
[INFO ] 2025-05-24 00:01:31.374 [main][73] RegisterPage - 'johndoe@123' entered in the password text box.
[INFO ] 2025-05-24 00:01:31.804 [main][88] RegisterPage - Clicked on the privacy policy slide button.
[INFO ] 2025-05-24 00:01:32.063 [main][93] RegisterPage - Clicked on the Continue button.
[INFO ] 2025-05-24 00:01:37.814 [main][33] Hooks - Quitting the browser.
[INFO ] 2025-05-24 00:01:43.931 [main][25] DriverFactory - Chrome browser launched.
[INFO ] 2025-05-24 00:01:44.023 [main][38] DriverFactory - Browser maximised.
[INFO ] 2025-05-24 00:01:45.569 [main][23] Hooks - Navigating to url: 'http://localhost/opencart/'
[INFO ] 2025-05-24 00:01:45.953 [main][25] HomePage - Clicked on the My Account link.
[INFO ] 2025-05-24 00:01:47.157 [main][30] HomePage - Clicked on the Register link.
[INFO ] 2025-05-24 00:01:47.289 [main][33] RegisterPage - Register Page displayed.
[INFO ] 2025-05-24 00:01:47.605 [main][43] RegisterPage - 'Jane03' entered in the first name text box.
[INFO ] 2025-05-24 00:01:47.835 [main][53] RegisterPage - 'Doe' entered in the last name text box.
[INFO ] 2025-05-24 00:01:48.080 [main][63] RegisterPage - 'janedoe03@email.com' entered in the email text box.
[INFO ] 2025-05-24 00:01:48.478 [main][73] RegisterPage - 'janedoe@123' entered in the password text box.
[INFO ] 2025-05-24 00:01:48.869 [main][88] RegisterPage - Clicked on the privacy policy slide button.
[INFO ] 2025-05-24 00:01:49.129 [main][93] RegisterPage - Clicked on the Continue button.
[INFO ] 2025-05-24 00:01:54.754 [main][33] Hooks - Quitting the browser.
[INFO ] 2025-05-24 00:02:00.399 [main][25] DriverFactory - Chrome browser launched.
[INFO ] 2025-05-24 00:02:00.492 [main][38] DriverFactory - Browser maximised.
[INFO ] 2025-05-24 00:02:01.348 [main][23] Hooks - Navigating to url: 'http://localhost/opencart/'
[INFO ] 2025-05-24 00:02:02.554 [main][25] HomePage - Clicked on the My Account link.
[INFO ] 2025-05-24 00:02:03.730 [main][30] HomePage - Clicked on the Register link.
[INFO ] 2025-05-24 00:02:03.849 [main][33] RegisterPage - Register Page displayed.
[INFO ] 2025-05-24 00:02:04.174 [main][43] RegisterPage - 'Jenny02' entered in the first name text box.
[INFO ] 2025-05-24 00:02:04.391 [main][53] RegisterPage - 'Doe' entered in the last name text box.
[INFO ] 2025-05-24 00:02:04.641 [main][63] RegisterPage - 'jennyDoe02@email.com' entered in the email text box.
[INFO ] 2025-05-24 00:02:05.029 [main][73] RegisterPage - 'jennydoe@123' entered in the password text box.
[INFO ] 2025-05-24 00:02:05.445 [main][88] RegisterPage - Clicked on the privacy policy slide button.
[INFO ] 2025-05-24 00:02:05.711 [main][93] RegisterPage - Clicked on the Continue button.
[INFO ] 2025-05-24 00:02:11.318 [main][33] Hooks - Quitting the browser.
[INFO ] 2025-05-24 00:02:17.406 [main][25] DriverFactory - Chrome browser launched.
[INFO ] 2025-05-24 00:02:17.493 [main][38] DriverFactory - Browser maximised.
[INFO ] 2025-05-24 00:02:19.067 [main][23] Hooks - Navigating to url: 'http://localhost/opencart/'
[INFO ] 2025-05-24 00:02:19.444 [main][25] HomePage - Clicked on the My Account link.
[INFO ] 2025-05-24 00:02:20.733 [main][30] HomePage - Clicked on the Register link.
[INFO ] 2025-05-24 00:02:20.854 [main][33] RegisterPage - Register Page displayed.
[INFO ] 2025-05-24 00:02:21.158 [main][43] RegisterPage - 'John03' entered in the first name text box.
[INFO ] 2025-05-24 00:02:21.379 [main][53] RegisterPage - 'Doe' entered in the last name text box.
[INFO ] 2025-05-24 00:02:21.624 [main][63] RegisterPage - 'johndoe03@email.com' entered in the email text box.
[INFO ] 2025-05-24 00:02:22.008 [main][73] RegisterPage - 'johndoe@123' entered in the password text box.
[INFO ] 2025-05-24 00:02:22.420 [main][83] RegisterPage - Clicked on the subscribe slide button.
[INFO ] 2025-05-24 00:02:22.659 [main][88] RegisterPage - Clicked on the privacy policy slide button.
[INFO ] 2025-05-24 00:02:22.970 [main][93] RegisterPage - Clicked on the Continue button.
[INFO ] 2025-05-24 00:02:28.602 [main][33] Hooks - Quitting the browser.
[INFO ] 2025-05-24 00:02:35.706 [main][25] DriverFactory - Chrome browser launched.
[INFO ] 2025-05-24 00:02:35.886 [main][38] DriverFactory - Browser maximised.
[INFO ] 2025-05-24 00:02:37.557 [main][23] Hooks - Navigating to url: 'http://localhost/opencart/'
[INFO ] 2025-05-24 00:02:37.920 [main][25] HomePage - Clicked on the My Account link.
[INFO ] 2025-05-24 00:02:39.096 [main][30] HomePage - Clicked on the Register link.
[INFO ] 2025-05-24 00:02:39.215 [main][33] RegisterPage - Register Page displayed.
[INFO ] 2025-05-24 00:02:39.509 [main][43] RegisterPage - 'John' entered in the first name text box.
[INFO ] 2025-05-24 00:02:39.717 [main][53] RegisterPage - 'Doe' entered in the last name text box.
[INFO ] 2025-05-24 00:02:39.938 [main][63] RegisterPage - 'johndoe@email.com' entered in the email text box.
[INFO ] 2025-05-24 00:02:40.305 [main][73] RegisterPage - 'johndoe@123' entered in the password text box.
[INFO ] 2025-05-24 00:02:40.711 [main][83] RegisterPage - Clicked on the subscribe slide button.
[INFO ] 2025-05-24 00:02:40.946 [main][88] RegisterPage - Clicked on the privacy policy slide button.
[INFO ] 2025-05-24 00:02:41.219 [main][93] RegisterPage - Clicked on the Continue button.
[INFO ] 2025-05-24 00:02:41.450 [main][109] RegisterPage - Alert message is 'Warning: E-Mail Address is already registered!'
[INFO ] 2025-05-24 00:02:41.508 [main][33] Hooks - Quitting the browser.
[INFO ] 2025-05-24 00:02:45.358 [main][25] DriverFactory - Chrome browser launched.
[INFO ] 2025-05-24 00:02:45.463 [main][38] DriverFactory - Browser maximised.
[INFO ] 2025-05-24 00:02:46.349 [main][23] Hooks - Navigating to url: 'http://localhost/opencart/'
[INFO ] 2025-05-24 00:02:47.487 [main][25] HomePage - Clicked on the My Account link.
[INFO ] 2025-05-24 00:02:48.756 [main][30] HomePage - Clicked on the Register link.
[INFO ] 2025-05-24 00:02:48.877 [main][33] RegisterPage - Register Page displayed.
[INFO ] 2025-05-24 00:02:49.052 [main][48] RegisterPage - No first name entered in the first name text box.
[INFO ] 2025-05-24 00:02:49.175 [main][58] RegisterPage - No last name entered in the last name text box.
[INFO ] 2025-05-24 00:02:49.301 [main][68] RegisterPage - No email entered in the email text box.
[INFO ] 2025-05-24 00:02:49.423 [main][78] RegisterPage - No password entered in the password text box.
[INFO ] 2025-05-24 00:02:49.688 [main][93] RegisterPage - Clicked on the Continue button.
[INFO ] 2025-05-24 00:02:49.963 [main][100] RegisterPage - Alert message was displayed.
[INFO ] 2025-05-24 00:02:50.018 [main][109] RegisterPage - Alert message is 'Warning: You must agree to the Privacy Policy!'
[INFO ] 2025-05-24 00:02:50.145 [main][116] RegisterPage - First name error message was displayed.
[INFO ] 2025-05-24 00:02:50.201 [main][125] RegisterPage - First name error message is 'First Name must be between 1 and 32 characters!'
[INFO ] 2025-05-24 00:02:50.320 [main][132] RegisterPage - Last name error message was displayed.
[INFO ] 2025-05-24 00:02:50.371 [main][141] RegisterPage - Last name error message is 'Last Name must be between 1 and 32 characters!'
[INFO ] 2025-05-24 00:02:50.489 [main][148] RegisterPage - Email error message was displayed.
[INFO ] 2025-05-24 00:02:50.546 [main][157] RegisterPage - Email error message is 'E-Mail Address does not appear to be valid!'
[INFO ] 2025-05-24 00:02:50.674 [main][164] RegisterPage - Password error message was displayed.
[INFO ] 2025-05-24 00:02:50.736 [main][173] RegisterPage - Password error message is 'Password must be between 6 and 40 characters!'
[INFO ] 2025-05-24 00:02:50.793 [main][33] Hooks - Quitting the browser.
[INFO ] 2025-05-24 00:02:55.282 [main][25] DriverFactory - Chrome browser launched.
[INFO ] 2025-05-24 00:02:55.378 [main][38] DriverFactory - Browser maximised.
[INFO ] 2025-05-24 00:02:56.406 [main][23] Hooks - Navigating to url: 'http://localhost/opencart/'
[INFO ] 2025-05-24 00:02:57.256 [main][59] HomePage - Home Page displayed.
[INFO ] 2025-05-24 00:02:57.593 [main][42] HomePage - 'HP' entered in the search text box.
[INFO ] 2025-05-24 00:02:57.598 [main][51] HomePage - Clicked on the search button.
[INFO ] 2025-05-24 00:02:59.388 [main][55] SearchPage - Product present: 'true'.
[INFO ] 2025-05-24 00:02:59.390 [main][56] SearchPage - Product found.
[INFO ] 2025-05-24 00:02:59.391 [main][33] Hooks - Quitting the browser.
[INFO ] 2025-05-24 00:03:03.200 [main][25] DriverFactory - Chrome browser launched.
[INFO ] 2025-05-24 00:03:03.309 [main][38] DriverFactory - Browser maximised.
[INFO ] 2025-05-24 00:03:04.819 [main][23] Hooks - Navigating to url: 'http://localhost/opencart/'
[INFO ] 2025-05-24 00:03:04.956 [main][59] HomePage - Home Page displayed.
[INFO ] 2025-05-24 00:03:05.331 [main][42] HomePage - 'Honda' entered in the search text box.
[INFO ] 2025-05-24 00:03:05.332 [main][51] HomePage - Clicked on the search button.
[INFO ] 2025-05-24 00:03:07.349 [main][31] SearchPage - Search Message text retrieved : 'There is no product that matches the search criteria.'.
[INFO ] 2025-05-24 00:03:07.420 [main][33] Hooks - Quitting the browser.
[INFO ] 2025-05-24 00:03:11.274 [main][25] DriverFactory - Chrome browser launched.
[INFO ] 2025-05-24 00:03:11.402 [main][38] DriverFactory - Browser maximised.
[INFO ] 2025-05-24 00:03:12.160 [main][23] Hooks - Navigating to url: 'http://localhost/opencart/'
[INFO ] 2025-05-24 00:03:13.040 [main][59] HomePage - Home Page displayed.
[INFO ] 2025-05-24 00:03:13.236 [main][47] HomePage - No product name was entered in the search text box.
[INFO ] 2025-05-24 00:03:13.237 [main][51] HomePage - Clicked on the search button.
[INFO ] 2025-05-24 00:03:14.986 [main][31] SearchPage - Search Message text retrieved : 'There is no product that matches the search criteria.'.
[INFO ] 2025-05-24 00:03:15.053 [main][33] Hooks - Quitting the browser.
[INFO ] 2025-05-24 00:17:37.651 [main][25] DriverFactory - Chrome browser launched.
[INFO ] 2025-05-24 00:17:37.836 [main][38] DriverFactory - Browser maximised.
[INFO ] 2025-05-24 00:17:40.674 [main][23] Hooks - Navigating to url: 'http://localhost/opencart/'
[INFO ] 2025-05-24 00:17:41.891 [main][25] HomePage - Clicked on the My Account link.
[INFO ] 2025-05-24 00:17:43.340 [main][36] HomePage - Clicked on the Login link.
[INFO ] 2025-05-24 00:17:44.007 [main][63] LoginPage - Login page is displayed.
[INFO ] 2025-05-24 00:17:44.599 [main][24] LoginPage - 'jackdoe@email.com' entered in the email address text box.
[INFO ] 2025-05-24 00:17:45.078 [main][34] LoginPage - 'jackdoe@123' entered in the password text box.
[INFO ] 2025-05-24 00:17:45.550 [main][44] LoginPage - Clicked on the login button.
[INFO ] 2025-05-24 00:17:47.165 [main][21] MyAccountPage - My account page is displayed.
[INFO ] 2025-05-24 00:17:47.172 [main][33] Hooks - Quitting the browser.
[INFO ] 2025-05-24 00:17:55.842 [main][25] DriverFactory - Chrome browser launched.
[INFO ] 2025-05-24 00:17:56.133 [main][38] DriverFactory - Browser maximised.
[INFO ] 2025-05-24 00:17:57.442 [main][23] Hooks - Navigating to url: 'http://localhost/opencart/'
[INFO ] 2025-05-24 00:17:58.655 [main][25] HomePage - Clicked on the My Account link.
[INFO ] 2025-05-24 00:18:00.291 [main][36] HomePage - Clicked on the Login link.
[INFO ] 2025-05-24 00:18:00.565 [main][63] LoginPage - Login page is displayed.
[INFO ] 2025-05-24 00:18:01.155 [main][24] LoginPage - 'janedoe@email.com' entered in the email address text box.
[INFO ] 2025-05-24 00:18:01.698 [main][34] LoginPage - 'janedoe@123' entered in the password text box.
[INFO ] 2025-05-24 00:18:02.043 [main][44] LoginPage - Clicked on the login button.
[INFO ] 2025-05-24 00:18:03.681 [main][21] MyAccountPage - My account page is displayed.
[INFO ] 2025-05-24 00:18:03.690 [main][33] Hooks - Quitting the browser.
[INFO ] 2025-05-24 00:18:11.420 [main][25] DriverFactory - Chrome browser launched.
[INFO ] 2025-05-24 00:18:11.542 [main][38] DriverFactory - Browser maximised.
[INFO ] 2025-05-24 00:18:14.329 [main][23] Hooks - Navigating to url: 'http://localhost/opencart/'
[INFO ] 2025-05-24 00:18:15.429 [main][25] HomePage - Clicked on the My Account link.
[INFO ] 2025-05-24 00:18:17.871 [main][36] HomePage - Clicked on the Login link.
[INFO ] 2025-05-24 00:18:18.349 [main][63] LoginPage - Login page is displayed.
[INFO ] 2025-05-24 00:18:19.062 [main][24] LoginPage - 'jennydoe@email.com' entered in the email address text box.
[INFO ] 2025-05-24 00:18:19.528 [main][34] LoginPage - 'jennydoe@123' entered in the password text box.
[INFO ] 2025-05-24 00:18:19.945 [main][44] LoginPage - Clicked on the login button.
[INFO ] 2025-05-24 00:18:25.137 [main][21] MyAccountPage - My account page is displayed.
[INFO ] 2025-05-24 00:18:25.146 [main][33] Hooks - Quitting the browser.
[INFO ] 2025-05-24 00:18:34.997 [main][25] DriverFactory - Chrome browser launched.
[INFO ] 2025-05-24 00:18:35.114 [main][38] DriverFactory - Browser maximised.
[INFO ] 2025-05-24 00:18:37.783 [main][23] Hooks - Navigating to url: 'http://localhost/opencart/'
[INFO ] 2025-05-24 00:18:38.614 [main][25] HomePage - Clicked on the My Account link.
[INFO ] 2025-05-24 00:18:40.147 [main][36] HomePage - Clicked on the Login link.
[INFO ] 2025-05-24 00:18:40.350 [main][63] LoginPage - Login page is displayed.
[INFO ] 2025-05-24 00:18:40.973 [main][24] LoginPage - 'johndoex@email.com' entered in the email address text box.
[INFO ] 2025-05-24 00:18:41.514 [main][34] LoginPage - '123456x' entered in the password text box.
[INFO ] 2025-05-24 00:18:42.100 [main][44] LoginPage - Clicked on the login button.
[INFO ] 2025-05-24 00:18:42.436 [main][51] LoginPage - Alert message was displayed.
[INFO ] 2025-05-24 00:18:42.538 [main][52] LoginPage - Alert message is 'Warning: Your account has exceeded allowed number of login attempts. Please try again in 1 hour.'
[INFO ] 2025-05-24 00:18:42.540 [main][33] Hooks - Quitting the browser.
[INFO ] 2025-05-24 00:18:49.157 [main][25] DriverFactory - Chrome browser launched.
[INFO ] 2025-05-24 00:18:49.297 [main][38] DriverFactory - Browser maximised.
[INFO ] 2025-05-24 00:18:50.408 [main][23] Hooks - Navigating to url: 'http://localhost/opencart/'
[INFO ] 2025-05-24 00:18:53.843 [main][25] HomePage - Clicked on the My Account link.
[INFO ] 2025-05-24 00:18:57.064 [main][36] HomePage - Clicked on the Login link.
[INFO ] 2025-05-24 00:18:57.447 [main][63] LoginPage - Login page is displayed.
[INFO ] 2025-05-24 00:18:58.586 [main][24] LoginPage - '"johndoe@email.com"' entered in the email address text box.
[INFO ] 2025-05-24 00:18:59.253 [main][34] LoginPage - '123456x' entered in the password text box.
[INFO ] 2025-05-24 00:18:59.802 [main][44] LoginPage - Clicked on the login button.
[INFO ] 2025-05-24 00:19:07.731 [main][33] Hooks - Quitting the browser.
[INFO ] 2025-05-24 00:19:23.089 [main][25] DriverFactory - Chrome browser launched.
[INFO ] 2025-05-24 00:19:23.244 [main][38] DriverFactory - Browser maximised.
[INFO ] 2025-05-24 00:19:25.027 [main][23] Hooks - Navigating to url: 'http://localhost/opencart/'
[INFO ] 2025-05-24 00:19:26.901 [main][25] HomePage - Clicked on the My Account link.
[INFO ] 2025-05-24 00:19:28.746 [main][36] HomePage - Clicked on the Login link.
[INFO ] 2025-05-24 00:19:28.909 [main][63] LoginPage - Login page is displayed.
[INFO ] 2025-05-24 00:19:29.346 [main][24] LoginPage - 'johndoex@email.com' entered in the email address text box.
[INFO ] 2025-05-24 00:19:29.682 [main][34] LoginPage - '"johndoe@123"' entered in the password text box.
[INFO ] 2025-05-24 00:19:30.170 [main][44] LoginPage - Clicked on the login button.
[INFO ] 2025-05-24 00:19:30.570 [main][51] LoginPage - Alert message was displayed.
[INFO ] 2025-05-24 00:19:30.648 [main][52] LoginPage - Alert message is 'Warning: Your account has exceeded allowed number of login attempts. Please try again in 1 hour.'
[INFO ] 2025-05-24 00:19:30.651 [main][33] Hooks - Quitting the browser.
[INFO ] 2025-05-24 00:19:35.970 [main][25] DriverFactory - Chrome browser launched.
[INFO ] 2025-05-24 00:19:36.126 [main][38] DriverFactory - Browser maximised.
[INFO ] 2025-05-24 00:19:38.262 [main][23] Hooks - Navigating to url: 'http://localhost/opencart/'
[INFO ] 2025-05-24 00:19:39.027 [main][25] HomePage - Clicked on the My Account link.
[INFO ] 2025-05-24 00:19:40.659 [main][36] HomePage - Clicked on the Login link.
[INFO ] 2025-05-24 00:19:40.864 [main][63] LoginPage - Login page is displayed.
[INFO ] 2025-05-24 00:19:41.131 [main][29] LoginPage - No text entered in the email address text box.
[INFO ] 2025-05-24 00:19:41.331 [main][39] LoginPage - No text entered in the password text box.
[INFO ] 2025-05-24 00:19:41.747 [main][44] LoginPage - Clicked on the login button.
[INFO ] 2025-05-24 00:19:43.574 [main][51] LoginPage - Alert message was displayed.
[INFO ] 2025-05-24 00:19:43.834 [main][52] LoginPage - Alert message is 'Warning: No match for E-Mail Address and/or Password.'
[INFO ] 2025-05-24 00:19:43.844 [main][33] Hooks - Quitting the browser.
[INFO ] 2025-05-24 00:19:55.076 [main][25] DriverFactory - Chrome browser launched.
[INFO ] 2025-05-24 00:19:55.276 [main][38] DriverFactory - Browser maximised.
[INFO ] 2025-05-24 00:19:56.238 [main][23] Hooks - Navigating to url: 'http://localhost/opencart/'
[INFO ] 2025-05-24 00:19:57.815 [main][25] HomePage - Clicked on the My Account link.
[INFO ] 2025-05-24 00:19:59.381 [main][30] HomePage - Clicked on the Register link.
[INFO ] 2025-05-24 00:19:59.591 [main][33] RegisterPage - Register Page displayed.
[INFO ] 2025-05-24 00:19:59.944 [main][43] RegisterPage - 'John' entered in the first name text box.
[INFO ] 2025-05-24 00:20:00.201 [main][53] RegisterPage - 'Doe' entered in the last name text box.
[INFO ] 2025-05-24 00:20:00.484 [main][63] RegisterPage - 'johndoe02@email.com' entered in the email text box.
[INFO ] 2025-05-24 00:20:01.690 [main][73] RegisterPage - 'johndoe@123' entered in the password text box.
[INFO ] 2025-05-24 00:20:02.615 [main][88] RegisterPage - Clicked on the privacy policy slide button.
[INFO ] 2025-05-24 00:20:03.347 [main][93] RegisterPage - Clicked on the Continue button.
[INFO ] 2025-05-24 00:20:09.155 [main][33] Hooks - Quitting the browser.
[INFO ] 2025-05-24 00:20:14.419 [main][25] DriverFactory - Chrome browser launched.
[INFO ] 2025-05-24 00:20:14.512 [main][38] DriverFactory - Browser maximised.
[INFO ] 2025-05-24 00:20:16.445 [main][23] Hooks - Navigating to url: 'http://localhost/opencart/'
[INFO ] 2025-05-24 00:20:17.131 [main][25] HomePage - Clicked on the My Account link.
[INFO ] 2025-05-24 00:20:18.562 [main][30] HomePage - Clicked on the Register link.
[INFO ] 2025-05-24 00:20:18.698 [main][33] RegisterPage - Register Page displayed.
[INFO ] 2025-05-24 00:20:19.028 [main][43] RegisterPage - 'Jane03' entered in the first name text box.
[INFO ] 2025-05-24 00:20:19.285 [main][53] RegisterPage - 'Doe' entered in the last name text box.
[INFO ] 2025-05-24 00:20:19.573 [main][63] RegisterPage - 'janedoe03@email.com' entered in the email text box.
[INFO ] 2025-05-24 00:20:20.064 [main][73] RegisterPage - 'janedoe@123' entered in the password text box.
[INFO ] 2025-05-24 00:20:21.003 [main][88] RegisterPage - Clicked on the privacy policy slide button.
[INFO ] 2025-05-24 00:20:21.329 [main][93] RegisterPage - Clicked on the Continue button.
[INFO ] 2025-05-24 00:20:27.342 [main][33] Hooks - Quitting the browser.
[INFO ] 2025-05-24 00:20:32.146 [main][25] DriverFactory - Chrome browser launched.
[INFO ] 2025-05-24 00:20:32.314 [main][38] DriverFactory - Browser maximised.
[INFO ] 2025-05-24 00:20:33.283 [main][23] Hooks - Navigating to url: 'http://localhost/opencart/'
[INFO ] 2025-05-24 00:20:34.833 [main][25] HomePage - Clicked on the My Account link.
[INFO ] 2025-05-24 00:20:36.314 [main][30] HomePage - Clicked on the Register link.
[INFO ] 2025-05-24 00:20:36.530 [main][33] RegisterPage - Register Page displayed.
[INFO ] 2025-05-24 00:20:36.924 [main][43] RegisterPage - 'Jenny02' entered in the first name text box.
[INFO ] 2025-05-24 00:20:37.184 [main][53] RegisterPage - 'Doe' entered in the last name text box.
[INFO ] 2025-05-24 00:20:37.449 [main][63] RegisterPage - 'jennyDoe02@email.com' entered in the email text box.
[INFO ] 2025-05-24 00:20:38.114 [main][73] RegisterPage - 'jennydoe@123' entered in the password text box.
[INFO ] 2025-05-24 00:20:38.630 [main][88] RegisterPage - Clicked on the privacy policy slide button.
[INFO ] 2025-05-24 00:20:38.997 [main][93] RegisterPage - Clicked on the Continue button.
[INFO ] 2025-05-24 00:20:44.712 [main][33] Hooks - Quitting the browser.
[INFO ] 2025-05-24 00:20:50.842 [main][25] DriverFactory - Chrome browser launched.
[INFO ] 2025-05-24 00:20:50.964 [main][38] DriverFactory - Browser maximised.
[INFO ] 2025-05-24 00:20:52.753 [main][23] Hooks - Navigating to url: 'http://localhost/opencart/'
[INFO ] 2025-05-24 00:20:53.204 [main][25] HomePage - Clicked on the My Account link.
[INFO ] 2025-05-24 00:20:54.771 [main][30] HomePage - Clicked on the Register link.
[INFO ] 2025-05-24 00:20:54.943 [main][33] RegisterPage - Register Page displayed.
[INFO ] 2025-05-24 00:20:55.366 [main][43] RegisterPage - 'John03' entered in the first name text box.
[INFO ] 2025-05-24 00:20:55.594 [main][53] RegisterPage - 'Doe' entered in the last name text box.
[INFO ] 2025-05-24 00:20:56.280 [main][63] RegisterPage - 'johndoe03@email.com' entered in the email text box.
[INFO ] 2025-05-24 00:20:56.719 [main][73] RegisterPage - 'johndoe@123' entered in the password text box.
[INFO ] 2025-05-24 00:20:57.247 [main][83] RegisterPage - Clicked on the subscribe slide button.
[INFO ] 2025-05-24 00:20:57.490 [main][88] RegisterPage - Clicked on the privacy policy slide button.
[INFO ] 2025-05-24 00:20:57.790 [main][93] RegisterPage - Clicked on the Continue button.
[INFO ] 2025-05-24 00:21:03.939 [main][33] Hooks - Quitting the browser.
[INFO ] 2025-05-24 00:21:10.849 [main][25] DriverFactory - Chrome browser launched.
[INFO ] 2025-05-24 00:21:11.098 [main][38] DriverFactory - Browser maximised.
[INFO ] 2025-05-24 00:21:13.069 [main][23] Hooks - Navigating to url: 'http://localhost/opencart/'
[INFO ] 2025-05-24 00:21:13.572 [main][25] HomePage - Clicked on the My Account link.
[INFO ] 2025-05-24 00:21:15.104 [main][30] HomePage - Clicked on the Register link.
[INFO ] 2025-05-24 00:21:15.239 [main][33] RegisterPage - Register Page displayed.
[INFO ] 2025-05-24 00:21:15.588 [main][43] RegisterPage - 'John' entered in the first name text box.
[INFO ] 2025-05-24 00:21:15.859 [main][53] RegisterPage - 'Doe' entered in the last name text box.
[INFO ] 2025-05-24 00:21:16.126 [main][63] RegisterPage - 'johndoe@email.com' entered in the email text box.
[INFO ] 2025-05-24 00:21:16.567 [main][73] RegisterPage - 'johndoe@123' entered in the password text box.
[INFO ] 2025-05-24 00:21:17.161 [main][83] RegisterPage - Clicked on the subscribe slide button.
[INFO ] 2025-05-24 00:21:17.434 [main][88] RegisterPage - Clicked on the privacy policy slide button.
[INFO ] 2025-05-24 00:21:17.722 [main][93] RegisterPage - Clicked on the Continue button.
[INFO ] 2025-05-24 00:21:17.994 [main][109] RegisterPage - Alert message is 'Warning: E-Mail Address is already registered!'
[INFO ] 2025-05-24 00:21:18.059 [main][33] Hooks - Quitting the browser.
[INFO ] 2025-05-24 00:21:22.880 [main][25] DriverFactory - Chrome browser launched.
[INFO ] 2025-05-24 00:21:23.145 [main][38] DriverFactory - Browser maximised.
[INFO ] 2025-05-24 00:21:23.947 [main][23] Hooks - Navigating to url: 'http://localhost/opencart/'
[INFO ] 2025-05-24 00:21:25.419 [main][25] HomePage - Clicked on the My Account link.
[INFO ] 2025-05-24 00:21:26.918 [main][30] HomePage - Clicked on the Register link.
[INFO ] 2025-05-24 00:21:27.048 [main][33] RegisterPage - Register Page displayed.
[INFO ] 2025-05-24 00:21:27.282 [main][48] RegisterPage - No first name entered in the first name text box.
[INFO ] 2025-05-24 00:21:27.416 [main][58] RegisterPage - No last name entered in the last name text box.
[INFO ] 2025-05-24 00:21:27.562 [main][68] RegisterPage - No email entered in the email text box.
[INFO ] 2025-05-24 00:21:27.696 [main][78] RegisterPage - No password entered in the password text box.
[INFO ] 2025-05-24 00:21:27.989 [main][93] RegisterPage - Clicked on the Continue button.
[INFO ] 2025-05-24 00:21:28.331 [main][100] RegisterPage - Alert message was displayed.
[INFO ] 2025-05-24 00:21:28.391 [main][109] RegisterPage - Alert message is 'Warning: You must agree to the Privacy Policy!'
[INFO ] 2025-05-24 00:21:28.535 [main][116] RegisterPage - First name error message was displayed.
[INFO ] 2025-05-24 00:21:28.596 [main][125] RegisterPage - First name error message is 'First Name must be between 1 and 32 characters!'
[INFO ] 2025-05-24 00:21:28.716 [main][132] RegisterPage - Last name error message was displayed.
[INFO ] 2025-05-24 00:21:28.789 [main][141] RegisterPage - Last name error message is 'Last Name must be between 1 and 32 characters!'
[INFO ] 2025-05-24 00:21:28.937 [main][148] RegisterPage - Email error message was displayed.
[INFO ] 2025-05-24 00:21:28.996 [main][157] RegisterPage - Email error message is 'E-Mail Address does not appear to be valid!'
[INFO ] 2025-05-24 00:21:29.125 [main][164] RegisterPage - Password error message was displayed.
[INFO ] 2025-05-24 00:21:29.185 [main][173] RegisterPage - Password error message is 'Password must be between 6 and 40 characters!'
[INFO ] 2025-05-24 00:21:29.268 [main][33] Hooks - Quitting the browser.
[INFO ] 2025-05-24 00:21:33.824 [main][25] DriverFactory - Chrome browser launched.
[INFO ] 2025-05-24 00:21:33.943 [main][38] DriverFactory - Browser maximised.
[INFO ] 2025-05-24 00:21:35.762 [main][23] Hooks - Navigating to url: 'http://localhost/opencart/'
[INFO ] 2025-05-24 00:21:35.940 [main][59] HomePage - Home Page displayed.
[INFO ] 2025-05-24 00:21:36.413 [main][42] HomePage - 'HP' entered in the search text box.
[INFO ] 2025-05-24 00:21:36.418 [main][51] HomePage - Clicked on the search button.
[INFO ] 2025-05-24 00:21:38.726 [main][55] SearchPage - Product present: 'true'.
[INFO ] 2025-05-24 00:21:38.727 [main][56] SearchPage - Product found.
[INFO ] 2025-05-24 00:21:38.728 [main][33] Hooks - Quitting the browser.
[INFO ] 2025-05-24 00:21:43.533 [main][25] DriverFactory - Chrome browser launched.
[INFO ] 2025-05-24 00:21:43.637 [main][38] DriverFactory - Browser maximised.
[INFO ] 2025-05-24 00:21:44.536 [main][23] Hooks - Navigating to url: 'http://localhost/opencart/'
[INFO ] 2025-05-24 00:21:45.582 [main][59] HomePage - Home Page displayed.
[INFO ] 2025-05-24 00:21:46.052 [main][42] HomePage - 'Honda' entered in the search text box.
[INFO ] 2025-05-24 00:21:46.054 [main][51] HomePage - Clicked on the search button.
[INFO ] 2025-05-24 00:21:48.608 [main][31] SearchPage - Search Message text retrieved : 'There is no product that matches the search criteria.'.
[INFO ] 2025-05-24 00:21:48.706 [main][33] Hooks - Quitting the browser.
[INFO ] 2025-05-24 00:21:58.485 [main][25] DriverFactory - Chrome browser launched.
[INFO ] 2025-05-24 00:21:58.600 [main][38] DriverFactory - Browser maximised.
[INFO ] 2025-05-24 00:22:00.964 [main][23] Hooks - Navigating to url: 'http://localhost/opencart/'
[INFO ] 2025-05-24 00:22:01.125 [main][59] HomePage - Home Page displayed.
[INFO ] 2025-05-24 00:22:01.394 [main][47] HomePage - No product name was entered in the search text box.
[INFO ] 2025-05-24 00:22:01.400 [main][51] HomePage - Clicked on the search button.
[INFO ] 2025-05-24 00:22:03.714 [main][31] SearchPage - Search Message text retrieved : 'There is no product that matches the search criteria.'.
[INFO ] 2025-05-24 00:22:03.834 [main][33] Hooks - Quitting the browser.
[INFO ] 2025-05-25 12:56:55.257 [main][25] DriverFactory - Chrome browser launched.
[INFO ] 2025-05-25 12:56:55.378 [main][38] DriverFactory - Browser maximised.
[INFO ] 2025-05-25 12:57:01.544 [main][33] Hooks - Quitting the browser.
[INFO ] 2025-05-25 12:57:05.504 [main][25] DriverFactory - Chrome browser launched.
[INFO ] 2025-05-25 12:57:05.635 [main][38] DriverFactory - Browser maximised.
[INFO ] 2025-05-25 12:57:11.561 [main][33] Hooks - Quitting the browser.
[INFO ] 2025-05-25 12:57:15.531 [main][25] DriverFactory - Chrome browser launched.
[INFO ] 2025-05-25 12:57:15.659 [main][38] DriverFactory - Browser maximised.
[INFO ] 2025-05-25 12:57:21.609 [main][33] Hooks - Quitting the browser.
[INFO ] 2025-05-25 12:57:25.279 [main][25] DriverFactory - Chrome browser launched.
[INFO ] 2025-05-25 12:57:25.392 [main][38] DriverFactory - Browser maximised.
[INFO ] 2025-05-25 12:57:31.277 [main][33] Hooks - Quitting the browser.
[INFO ] 2025-05-25 12:57:34.953 [main][25] DriverFactory - Chrome browser launched.
[INFO ] 2025-05-25 12:57:35.072 [main][38] DriverFactory - Browser maximised.
[INFO ] 2025-05-25 12:57:40.970 [main][33] Hooks - Quitting the browser.
[INFO ] 2025-05-25 12:57:44.648 [main][25] DriverFactory - Chrome browser launched.
[INFO ] 2025-05-25 12:57:44.772 [main][38] DriverFactory - Browser maximised.
[INFO ] 2025-05-25 12:57:50.700 [main][33] Hooks - Quitting the browser.
[INFO ] 2025-05-25 12:57:54.466 [main][25] DriverFactory - Chrome browser launched.
[INFO ] 2025-05-25 12:57:54.576 [main][38] DriverFactory - Browser maximised.
[INFO ] 2025-05-25 12:58:00.449 [main][33] Hooks - Quitting the browser.
[INFO ] 2025-05-25 12:58:04.160 [main][25] DriverFactory - Chrome browser launched.
[INFO ] 2025-05-25 12:58:04.249 [main][38] DriverFactory - Browser maximised.
[INFO ] 2025-05-25 12:58:10.095 [main][33] Hooks - Quitting the browser.
[INFO ] 2025-05-25 12:58:14.111 [main][25] DriverFactory - Chrome browser launched.
[INFO ] 2025-05-25 12:58:14.200 [main][38] DriverFactory - Browser maximised.
[INFO ] 2025-05-25 12:58:20.095 [main][33] Hooks - Quitting the browser.
[INFO ] 2025-05-25 12:58:26.639 [main][25] DriverFactory - Chrome browser launched.
[INFO ] 2025-05-25 12:58:27.683 [main][38] DriverFactory - Browser maximised.
[INFO ] 2025-05-25 12:58:35.448 [main][33] Hooks - Quitting the browser.
[INFO ] 2025-05-25 12:58:39.722 [main][25] DriverFactory - Chrome browser launched.
[INFO ] 2025-05-25 12:58:39.812 [main][38] DriverFactory - Browser maximised.
[INFO ] 2025-05-25 12:58:43.713 [main][33] Hooks - Quitting the browser.
[INFO ] 2025-05-25 12:58:48.381 [main][25] DriverFactory - Chrome browser launched.
[INFO ] 2025-05-25 12:58:48.545 [main][38] DriverFactory - Browser maximised.
[INFO ] 2025-05-25 12:58:54.826 [main][33] Hooks - Quitting the browser.
[INFO ] 2025-05-25 12:58:58.671 [main][25] DriverFactory - Chrome browser launched.
[INFO ] 2025-05-25 12:58:58.852 [main][38] DriverFactory - Browser maximised.
[INFO ] 2025-05-25 12:59:08.836 [main][23] Hooks - Navigating to url: 'http://localhost/opencart/'
[INFO ] 2025-05-25 12:59:11.184 [main][25] HomePage - Clicked on the My Account link.
[INFO ] 2025-05-25 12:59:12.683 [main][30] HomePage - Clicked on the Register link.
[INFO ] 2025-05-25 12:59:12.906 [main][33] RegisterPage - Register Page displayed.
[INFO ] 2025-05-25 12:59:13.918 [main][48] RegisterPage - No first name entered in the first name text box.
[INFO ] 2025-05-25 12:59:14.099 [main][58] RegisterPage - No last name entered in the last name text box.
[INFO ] 2025-05-25 12:59:14.286 [main][68] RegisterPage - No email entered in the email text box.
[INFO ] 2025-05-25 12:59:14.411 [main][78] RegisterPage - No password entered in the password text box.
[INFO ] 2025-05-25 12:59:14.693 [main][93] RegisterPage - Clicked on the Continue button.
[INFO ] 2025-05-25 12:59:14.990 [main][100] RegisterPage - Alert message was displayed.
[INFO ] 2025-05-25 12:59:15.057 [main][109] RegisterPage - Alert message is 'Warning: You must agree to the Privacy Policy!'
[INFO ] 2025-05-25 12:59:15.201 [main][116] RegisterPage - First name error message was displayed.
[INFO ] 2025-05-25 12:59:15.252 [main][125] RegisterPage - First name error message is 'First Name must be between 1 and 32 characters!'
[INFO ] 2025-05-25 12:59:15.366 [main][132] RegisterPage - Last name error message was displayed.
[INFO ] 2025-05-25 12:59:15.423 [main][141] RegisterPage - Last name error message is 'Last Name must be between 1 and 32 characters!'
[INFO ] 2025-05-25 12:59:15.560 [main][148] RegisterPage - Email error message was displayed.
[INFO ] 2025-05-25 12:59:15.611 [main][157] RegisterPage - Email error message is 'E-Mail Address does not appear to be valid!'
[INFO ] 2025-05-25 12:59:15.737 [main][164] RegisterPage - Password error message was displayed.
[INFO ] 2025-05-25 12:59:15.793 [main][173] RegisterPage - Password error message is 'Password must be between 6 and 40 characters!'
[INFO ] 2025-05-25 12:59:15.846 [main][33] Hooks - Quitting the browser.
[INFO ] 2025-05-25 12:59:19.524 [main][25] DriverFactory - Chrome browser launched.
[INFO ] 2025-05-25 12:59:19.617 [main][38] DriverFactory - Browser maximised.
[INFO ] 2025-05-25 12:59:21.989 [main][23] Hooks - Navigating to url: 'http://localhost/opencart/'
[INFO ] 2025-05-25 12:59:23.658 [main][59] HomePage - Home Page displayed.
[INFO ] 2025-05-25 12:59:24.610 [main][42] HomePage - 'HP' entered in the search text box.
[INFO ] 2025-05-25 12:59:24.615 [main][51] HomePage - Clicked on the search button.
[INFO ] 2025-05-25 12:59:28.900 [main][55] SearchPage - Product present: 'true'.
[INFO ] 2025-05-25 12:59:28.901 [main][56] SearchPage - Product found.
[INFO ] 2025-05-25 12:59:28.903 [main][33] Hooks - Quitting the browser.
[INFO ] 2025-05-25 12:59:34.770 [main][25] DriverFactory - Chrome browser launched.
[INFO ] 2025-05-25 12:59:34.868 [main][38] DriverFactory - Browser maximised.
[INFO ] 2025-05-25 12:59:36.741 [main][23] Hooks - Navigating to url: 'http://localhost/opencart/'
[INFO ] 2025-05-25 12:59:36.876 [main][59] HomePage - Home Page displayed.
[INFO ] 2025-05-25 12:59:38.622 [main][42] HomePage - 'Honda' entered in the search text box.
[INFO ] 2025-05-25 12:59:38.624 [main][51] HomePage - Clicked on the search button.
[INFO ] 2025-05-25 12:59:41.783 [main][31] SearchPage - Search Message text retrieved : 'There is no product that matches the search criteria.'.
[INFO ] 2025-05-25 12:59:41.862 [main][33] Hooks - Quitting the browser.
[INFO ] 2025-05-25 12:59:47.898 [main][25] DriverFactory - Chrome browser launched.
[INFO ] 2025-05-25 12:59:48.086 [main][38] DriverFactory - Browser maximised.
[INFO ] 2025-05-25 12:59:49.972 [main][23] Hooks - Navigating to url: 'http://localhost/opencart/'
[INFO ] 2025-05-25 12:59:50.086 [main][59] HomePage - Home Page displayed.
[INFO ] 2025-05-25 12:59:50.306 [main][47] HomePage - No product name was entered in the search text box.
[INFO ] 2025-05-25 12:59:50.308 [main][51] HomePage - Clicked on the search button.
[INFO ] 2025-05-25 12:59:53.283 [main][31] SearchPage - Search Message text retrieved : 'There is no product that matches the search criteria.'.
[INFO ] 2025-05-25 12:59:53.339 [main][33] Hooks - Quitting the browser.
